Vivado Simulator 2019.2
Copyright 1986-1999, 2001-2019 Xilinx, Inc. All Rights Reserved.
Running: C:/Xilinx/Vivado/2019.2/bin/unwrapped/win64.o/xelab.exe -wto 36af8b83837d43f786452ffadf007803 --incr --debug typical --relax --mt 2 -L xil_defaultlib -L secureip --snapshot TestBench_behav xil_defaultlib.TestBench -log elaborate.log 
Using 2 slave threads.
Starting static elaboration
Completed static elaboration
Starting simulation data flow analysis
Completed simulation data flow analysis
Time Resolution for simulation is 1ps
Compiling package std.standard
Compiling package std.textio
Compiling package ieee.std_logic_1164
Compiling package xil_defaultlib.array_pkg
Compiling package ieee.std_logic_arith
Compiling package ieee.std_logic_unsigned
Compiling package ieee.numeric_std
Compiling architecture behavioral of entity xil_defaultlib.comparator [comparator_default]
Compiling architecture behavioral of entity xil_defaultlib.triState_buffer [tristate_buffer_default]
Compiling architecture behavioral of entity xil_defaultlib.mux [mux_default]
Compiling architecture behavioral of entity xil_defaultlib.TLB [tlb_default]
Compiling architecture behavioral of entity xil_defaultlib.Page_Table [page_table_default]
Compiling architecture behavioral of entity xil_defaultlib.MainMemory [mainmemory_default]
Compiling architecture behavioral of entity xil_defaultlib.disk [disk_default]
Compiling architecture behavioral of entity xil_defaultlib.unit [unit_default]
Compiling architecture behavioral of entity xil_defaultlib.testbench
Built simulation snapshot TestBench_behav
